Riga 30: la classe TALBarCodeCtl.TALBarCd del controllo TALBarCd1 non era una classe di controllo caricata.
Riga 36: il nome della proprietà _cx in TALBarCd1 non è valido.
Riga 37: il nome della proprietà _cy in TALBarCd1 non è valido.
Riga 50: il nome della proprietà BackStyle in TALBarCd1 non è valido.
Riga 51: il nome della proprietà Message in TALBarCd1 non è valido.
Riga 52: il nome della proprietà Comment in TALBarCd1 non è valido.
Riga 53: il nome della proprietà CommentAlignment in TALBarCd1 non è valido.
Riga 54: il nome della proprietà Symbology in TALBarCd1 non è valido.
Riga 55: il nome della proprietà BarHeight in TALBarCd1 non è valido.
Riga 56: il nome della proprietà NarrowBarWidth in TALBarCd1 non è valido.
Riga 57: il nome della proprietà BarWidthReduction in TALBarCd1 non è valido.
Riga 58: il nome della proprietà MatrixModuleSize in TALBarCd1 non è valido.
Riga 59: il nome della proprietà NarrowToWideRatio in TALBarCd1 non è valido.
Riga 60: il nome della proprietà ShowHRText in TALBarCd1 non è valido.
Riga 61: il nome della proprietà TextOnTop in TALBarCd1 non è valido.
Riga 62: il nome della proprietà CommentOnTop in TALBarCd1 non è valido.
Riga 63: il nome della proprietà QuietZones in TALBarCd1 non è valido.
Riga 64: il nome della proprietà BearerBars in TALBarCd1 non è valido.
Riga 65: il nome della proprietà ShowCheckDigit in TALBarCd1 non è valido.
Riga 66: il nome della proprietà AztecSymbolType in TALBarCd1 non è valido.
Riga 67: il nome della proprietà DataMatrixECC in TALBarCd1 non è valido.
Riga 68: il nome della proprietà MaxiZipCode in TALBarCd1 non è valido.
Riga 69: il nome della proprietà DataMatrixTildeCodes in TALBarCd1 non è valido.
Riga 70: il nome della proprietà PDFTruncatedSymbol in TALBarCd1 non è valido.
Riga 71: il nome della proprietà Code39StartStopChars in TALBarCd1 non è valido.
Riga 72: il nome della proprietà Code39OptionalCheckDigit in TALBarCd1 non è valido.
Riga 73: il nome della proprietà I2of5OptionalCheckDigit in TALBarCd1 non è valido.
Riga 74: il nome della proprietà CodaBarOptionalCheckDigit in TALBarCd1 non è valido.
Riga 75: il nome della proprietà UccEan128OptionalCheckDigit in TALBarCd1 non è valido.
Riga 76: il nome della proprietà PDFAspectRatio in TALBarCd1 non è valido.
Riga 77: il nome della proprietà AztecTotalLayers in TALBarCd1 non è valido.
Riga 78: il nome della proprietà AztecPctECC in TALBarCd1 non è valido.
Riga 79: il nome della proprietà DataMatrixFormatID in TALBarCd1 non è valido.
Riga 80: il nome della proprietà PDFModuleWidth in TALBarCd1 non è valido.
Riga 81: il nome della proprietà PDFModuleHeight in TALBarCd1 non è valido.
Riga 82: il nome della proprietà PDFSecurityLevel in TALBarCd1 non è valido.
Riga 83: il nome della proprietà PDFPctOverhead in TALBarCd1 non è valido.
Riga 84: il nome della proprietà PDFMaxRows in TALBarCd1 non è valido.
Riga 85: il nome della proprietà PDFMaxCols in TALBarCd1 non è valido.
Riga 86: il nome della proprietà MaxiSymbolNum in TALBarCd1 non è valido.
Riga 87: il nome della proprietà MaxiNumSymbols in TALBarCd1 non è valido.
Riga 88: il nome della proprietà MaxiCodeMode in TALBarCd1 non è valido.
Riga 89: il nome della proprietà MaxiCountryCode in TALBarCd1 non è valido.
Riga 90: il nome della proprietà MaxiCodeClass in TALBarCd1 non è valido.
Riga 91: il nome della proprietà Rotation in TALBarCd1 non è valido.
Riga 92: il nome della proprietà TextColor in TALBarCd1 non è valido.
Riga 95: il nome della proprietà FontTextColor in TALBarCd1 non è valido.
Riga 99: il nome della proprietà FontStrikeout in TALBarCd1 non è valido.
Riga 30: impossibile impostare la proprietà Picture in TALBarCd1.
