Riga 109: la classe dp6.Barra del controllo Barra1 non era una classe di controllo caricata.
Riga 115: il nome della proprietà _ExtentX in Barra1 non è valido.
Riga 116: il nome della proprietà _ExtentY in Barra1 non è valido.
Riga 117: il nome della proprietà PulOrdiniAbi in Barra1 non è valido.
Riga 118: il nome della proprietà PulOrdiniVis in Barra1 non è valido.
Riga 119: il nome della proprietà PulStoricoPos in Barra1 non è valido.
Riga 120: il nome della proprietà PulstoricoAbi in Barra1 non è valido.
Riga 121: il nome della proprietà PulStoricoVis in Barra1 non è valido.
Riga 122: il nome della proprietà PulMappaPos in Barra1 non è valido.
Riga 123: il nome della proprietà PulMappaAbi in Barra1 non è valido.
Riga 124: il nome della proprietà PulMappaVis in Barra1 non è valido.
Riga 125: il nome della proprietà PulPaccoPos in Barra1 non è valido.
Riga 126: il nome della proprietà PulPaccoAbi in Barra1 non è valido.
Riga 127: il nome della proprietà PulPaccoVis in Barra1 non è valido.
Riga 128: il nome della proprietà PulreggePos in Barra1 non è valido.
Riga 129: il nome della proprietà PulReggeAbi in Barra1 non è valido.
Riga 130: il nome della proprietà PulReggeVis in Barra1 non è valido.
Riga 131: il nome della proprietà PulPesaPos in Barra1 non è valido.
Riga 132: il nome della proprietà PulPesaAbi in Barra1 non è valido.
Riga 133: il nome della proprietà PulPesaVis in Barra1 non è valido.
Riga 134: il nome della proprietà PulAllarmiPos in Barra1 non è valido.
Riga 135: il nome della proprietà PulAllarmiAbi in Barra1 non è valido.
Riga 136: il nome della proprietà PulAllarmiVis in Barra1 non è valido.
Riga 137: il nome della proprietà PulEntrataPos in Barra1 non è valido.
Riga 138: il nome della proprietà PulFilettaturaPos in Barra1 non è valido.
Riga 139: il nome della proprietà PulSmussatricePos in Barra1 non è valido.
Riga 140: il nome della proprietà PulTaglioPos in Barra1 non è valido.
Riga 141: il nome della proprietà PulWalkingBeamPos in Barra1 non è valido.
