Line 20: Class TabDlg.SSTab of control SSTab1 was not a loaded control class.
Line 565: Class dp6.vbalProgressBar of control vbalProgressBar5 was not a loaded control class.
Line 593: Class dp6.vbalProgressBar of control vbalProgressBar6 was not a loaded control class.
Line 697: Class dp6.vbalProgressBar of control vbalProgressBar1 was not a loaded control class.
Line 725: Class dp6.vbalProgressBar of control vbalProgressBar2 was not a loaded control class.
Line 1129: Class dp6.vbalProgressBar of control vbalProgressBar4 was not a loaded control class.
Line 1157: Class dp6.vbalProgressBar of control vbalProgressBar3 was not a loaded control class.
Line 1232: Class MSChart20Lib.MSChart of control MSChartTubiMin was not a loaded control class.
Line 1312: Class dp6.XPButton of control XPButton1 was not a loaded control class.
Line 1347: Class dp6.XPButton of control XPButton1 was not a loaded control class.
Line 1382: Class dp6.XPButton of control XPButton1 was not a loaded control class.
Line 1417: Class dp6.XPButton of control XPButton1 was not a loaded control class.
Line 1610: Class MSComctlLib.ImageList of control ImageList1 was not a loaded control class.
Line 1632: Class dp6.Barra2 of control Barra21 was not a loaded control class.
Line 26: The property name _ExtentX in SSTab1 is invalid.
Line 27: The property name _ExtentY in SSTab1 is invalid.
Line 28: The property name _Version in SSTab1 is invalid.
Line 29: The property name Tabs in SSTab1 is invalid.
Line 30: The property name Tab in SSTab1 is invalid.
Line 31: The property name TabsPerRow in SSTab1 is invalid.
Line 32: The property name TabHeight in SSTab1 is invalid.
Line 44: The property name TabCaption(0) in SSTab1 is invalid.
Line 45: The property name TabPicture(0) in SSTab1 is invalid.
Line 46: The property name Tab(0).ControlEnabled in SSTab1 is invalid.
Line 47: The property name Tab(0).Control(0) in SSTab1 is invalid.
Line 48: The property name Tab(0).Control(1) in SSTab1 is invalid.
Line 49: The property name Tab(0).ControlCount in SSTab1 is invalid.
Line 50: The property name TabCaption(1) in SSTab1 is invalid.
Line 51: The property name TabPicture(1) in SSTab1 is invalid.
Line 52: The property name Tab(1).ControlEnabled in SSTab1 is invalid.
Line 53: The property name Tab(1).Control(0) in SSTab1 is invalid.
Line 54: The property name Tab(1).Control(0).Enabled in SSTab1 is invalid.
Line 55: The property name Tab(1).ControlCount in SSTab1 is invalid.
Line 56: The property name TabCaption(2) in SSTab1 is invalid.
Line 57: The property name TabPicture(2) in SSTab1 is invalid.
Line 58: The property name Tab(2).ControlEnabled in SSTab1 is invalid.
Line 59: The property name Tab(2).Control(0) in SSTab1 is invalid.
Line 60: The property name Tab(2).Control(1) in SSTab1 is invalid.
Line 61: The property name Tab(2).ControlCount in SSTab1 is invalid.
Line 62: The property name TabCaption(3) in SSTab1 is invalid.
Line 63: The property name TabPicture(3) in SSTab1 is invalid.
Line 64: The property name Tab(3).ControlEnabled in SSTab1 is invalid.
Line 65: The property name Tab(3).Control(0) in SSTab1 is invalid.
Line 66: The property name Tab(3).ControlCount in SSTab1 is invalid.
Line 571: The property name _ExtentX in vbalProgressBar5 is invalid.
Line 572: The property name _ExtentY in vbalProgressBar5 is invalid.
Line 577: The property name BarPicture in vbalProgressBar5 is invalid.
Line 578: The property name BarPictureMode in vbalProgressBar5 is invalid.
Line 579: The property name BackPictureMode in vbalProgressBar5 is invalid.
Line 580: The property name Value in vbalProgressBar5 is invalid.
Line 581: The property name ShowText in vbalProgressBar5 is invalid.
Line 591: The property name XpStyle in vbalProgressBar5 is invalid.
Line 565: Property Picture in vbalProgressBar5 could not be set.
Line 565: Property Appearance in vbalProgressBar5 could not be set.
Line 599: The property name _ExtentX in vbalProgressBar6 is invalid.
Line 600: The property name _ExtentY in vbalProgressBar6 is invalid.
Line 605: The property name BarPicture in vbalProgressBar6 is invalid.
Line 606: The property name BarPictureMode in vbalProgressBar6 is invalid.
Line 607: The property name BackPictureMode in vbalProgressBar6 is invalid.
Line 608: The property name Value in vbalProgressBar6 is invalid.
Line 609: The property name ShowText in vbalProgressBar6 is invalid.
Line 619: The property name XpStyle in vbalProgressBar6 is invalid.
Line 593: Property Picture in vbalProgressBar6 could not be set.
Line 593: Property Appearance in vbalProgressBar6 could not be set.
Line 704: The property name _ExtentX in vbalProgressBar1 is invalid.
Line 705: The property name _ExtentY in vbalProgressBar1 is invalid.
Line 710: The property name BarPicture in vbalProgressBar1 is invalid.
Line 711: The property name BackPictureMode in vbalProgressBar1 is invalid.
Line 712: The property name Value in vbalProgressBar1 is invalid.
Line 713: The property name ShowText in vbalProgressBar1 is invalid.
Line 723: The property name XpStyle in vbalProgressBar1 is invalid.
Line 697: Property Picture in vbalProgressBar1 could not be set.
Line 731: The property name _ExtentX in vbalProgressBar2 is invalid.
Line 732: The property name _ExtentY in vbalProgressBar2 is invalid.
Line 737: The property name BarPicture in vbalProgressBar2 is invalid.
Line 738: The property name BackPictureMode in vbalProgressBar2 is invalid.
Line 739: The property name Value in vbalProgressBar2 is invalid.
Line 740: The property name ShowText in vbalProgressBar2 is invalid.
Line 750: The property name XpStyle in vbalProgressBar2 is invalid.
Line 725: Property Picture in vbalProgressBar2 could not be set.
Line 1135: The property name _ExtentX in vbalProgressBar4 is invalid.
Line 1136: The property name _ExtentY in vbalProgressBar4 is invalid.
Line 1141: The property name BarPicture in vbalProgressBar4 is invalid.
Line 1142: The property name BarPictureMode in vbalProgressBar4 is invalid.
Line 1143: The property name BackPictureMode in vbalProgressBar4 is invalid.
Line 1144: The property name Value in vbalProgressBar4 is invalid.
Line 1145: The property name ShowText in vbalProgressBar4 is invalid.
Line 1155: The property name XpStyle in vbalProgressBar4 is invalid.
Line 1129: Property Picture in vbalProgressBar4 could not be set.
Line 1129: Property Appearance in vbalProgressBar4 could not be set.
Line 1163: The property name _ExtentX in vbalProgressBar3 is invalid.
Line 1164: The property name _ExtentY in vbalProgressBar3 is invalid.
Line 1169: The property name BarPicture in vbalProgressBar3 is invalid.
Line 1170: The property name BarPictureMode in vbalProgressBar3 is invalid.
Line 1171: The property name BackPictureMode in vbalProgressBar3 is invalid.
Line 1172: The property name Value in vbalProgressBar3 is invalid.
Line 1173: The property name ShowText in vbalProgressBar3 is invalid.
Line 1183: The property name XpStyle in vbalProgressBar3 is invalid.
Line 1157: Property Picture in vbalProgressBar3 could not be set.
Line 1157: Property Appearance in vbalProgressBar3 could not be set.
Line 1235: The property name OleObjectBlob in MSChartTubiMin is invalid.
Line 1319: The property name _ExtentX in XPButton1 is invalid.
Line 1320: The property name _ExtentY in XPButton1 is invalid.
Line 1321: The property name TxtText in XPButton1 is invalid.
Line 1322: The property name TxtTop in XPButton1 is invalid.
Line 1323: The property name TxtLeft in XPButton1 is invalid.
Line 1324: The property name BTYPE in XPButton1 is invalid.
Line 1325: The property name IMGTOP in XPButton1 is invalid.
Line 1326: The property name IMGLEFT in XPButton1 is invalid.
Line 1327: The property name ICONA in XPButton1 is invalid.
Line 1328: The property name ImgW in XPButton1 is invalid.
Line 1329: The property name ImgH in XPButton1 is invalid.
Line 1330: The property name ImgAllarga in XPButton1 is invalid.
Line 1331: The property name TX in XPButton1 is invalid.
Line 1332: The property name ENAB in XPButton1 is invalid.
Line 1342: The property name COLTYPE in XPButton1 is invalid.
Line 1343: The property name FOCUSR in XPButton1 is invalid.
Line 1344: The property name BCOL in XPButton1 is invalid.
Line 1345: The property name FCOL in XPButton1 is invalid.
Line 1354: The property name _ExtentX in XPButton1 is invalid.
Line 1355: The property name _ExtentY in XPButton1 is invalid.
Line 1356: The property name TxtText in XPButton1 is invalid.
Line 1357: The property name TxtTop in XPButton1 is invalid.
Line 1358: The property name TxtLeft in XPButton1 is invalid.
Line 1359: The property name BTYPE in XPButton1 is invalid.
Line 1360: The property name IMGTOP in XPButton1 is invalid.
Line 1361: The property name IMGLEFT in XPButton1 is invalid.
Line 1362: The property name ICONA in XPButton1 is invalid.
Line 1363: The property name ImgW in XPButton1 is invalid.
Line 1364: The property name ImgH in XPButton1 is invalid.
Line 1365: The property name ImgAllarga in XPButton1 is invalid.
Line 1366: The property name TX in XPButton1 is invalid.
Line 1367: The property name ENAB in XPButton1 is invalid.
Line 1377: The property name COLTYPE in XPButton1 is invalid.
Line 1378: The property name FOCUSR in XPButton1 is invalid.
Line 1379: The property name BCOL in XPButton1 is invalid.
Line 1380: The property name FCOL in XPButton1 is invalid.
Line 1389: The property name _ExtentX in XPButton1 is invalid.
Line 1390: The property name _ExtentY in XPButton1 is invalid.
Line 1391: The property name TxtText in XPButton1 is invalid.
Line 1392: The property name TxtTop in XPButton1 is invalid.
Line 1393: The property name TxtLeft in XPButton1 is invalid.
Line 1394: The property name BTYPE in XPButton1 is invalid.
Line 1395: The property name IMGTOP in XPButton1 is invalid.
Line 1396: The property name IMGLEFT in XPButton1 is invalid.
Line 1397: The property name ICONA in XPButton1 is invalid.
Line 1398: The property name ImgW in XPButton1 is invalid.
Line 1399: The property name ImgH in XPButton1 is invalid.
Line 1400: The property name ImgAllarga in XPButton1 is invalid.
Line 1401: The property name TX in XPButton1 is invalid.
Line 1402: The property name ENAB in XPButton1 is invalid.
Line 1412: The property name COLTYPE in XPButton1 is invalid.
Line 1413: The property name FOCUSR in XPButton1 is invalid.
Line 1414: The property name BCOL in XPButton1 is invalid.
Line 1415: The property name FCOL in XPButton1 is invalid.
Line 1424: The property name _ExtentX in XPButton1 is invalid.
Line 1425: The property name _ExtentY in XPButton1 is invalid.
Line 1426: The property name TxtText in XPButton1 is invalid.
Line 1427: The property name TxtTop in XPButton1 is invalid.
Line 1428: The property name TxtLeft in XPButton1 is invalid.
Line 1429: The property name BTYPE in XPButton1 is invalid.
Line 1430: The property name IMGTOP in XPButton1 is invalid.
Line 1431: The property name IMGLEFT in XPButton1 is invalid.
Line 1432: The property name ICONA in XPButton1 is invalid.
Line 1433: The property name ImgW in XPButton1 is invalid.
Line 1434: The property name ImgH in XPButton1 is invalid.
Line 1435: The property name ImgAllarga in XPButton1 is invalid.
Line 1436: The property name TX in XPButton1 is invalid.
Line 1437: The property name ENAB in XPButton1 is invalid.
Line 1447: The property name COLTYPE in XPButton1 is invalid.
Line 1448: The property name FOCUSR in XPButton1 is invalid.
Line 1449: The property name BCOL in XPButton1 is invalid.
Line 1450: The property name FCOL in XPButton1 is invalid.
Line 1613: The property name _ExtentX in ImageList1 is invalid.
Line 1614: The property name _ExtentY in ImageList1 is invalid.
Line 1616: The property name ImageWidth in ImageList1 is invalid.
Line 1617: The property name ImageHeight in ImageList1 is invalid.
Line 1618: The property name MaskColor in ImageList1 is invalid.
Line 1619: The property name _Version in ImageList1 is invalid.
Line 1630: The property name Images in ImageList1 is invalid.
Line 1638: The property name _ExtentX in Barra21 is invalid.
Line 1639: The property name _ExtentY in Barra21 is invalid.
