Line 111: Class TabDlg.SSTab of control SSTab1 was not a loaded control class.
Line 117: The property name _ExtentX in SSTab1 is invalid.
Line 118: The property name _ExtentY in SSTab1 is invalid.
Line 119: The property name _Version in SSTab1 is invalid.
Line 120: The property name Tab in SSTab1 is invalid.
Line 121: The property name TabHeight in SSTab1 is invalid.
Line 132: The property name TabCaption(0) in SSTab1 is invalid.
Line 133: The property name TabPicture(0) in SSTab1 is invalid.
Line 134: The property name Tab(0).ControlEnabled in SSTab1 is invalid.
Line 135: The property name Tab(0).Control(0) in SSTab1 is invalid.
Line 136: The property name Tab(0).Control(1) in SSTab1 is invalid.
Line 137: The property name Tab(0).Control(2) in SSTab1 is invalid.
Line 138: The property name Tab(0).Control(3) in SSTab1 is invalid.
Line 139: The property name Tab(0).Control(4) in SSTab1 is invalid.
Line 140: The property name Tab(0).Control(5) in SSTab1 is invalid.
Line 141: The property name Tab(0).Control(6) in SSTab1 is invalid.
Line 142: The property name Tab(0).Control(7) in SSTab1 is invalid.
Line 143: The property name Tab(0).Control(8) in SSTab1 is invalid.
Line 144: The property name Tab(0).Control(9) in SSTab1 is invalid.
Line 145: The property name Tab(0).Control(10) in SSTab1 is invalid.
Line 146: The property name Tab(0).Control(11) in SSTab1 is invalid.
Line 147: The property name Tab(0).Control(12) in SSTab1 is invalid.
Line 148: The property name Tab(0).Control(13) in SSTab1 is invalid.
Line 149: The property name Tab(0).Control(14) in SSTab1 is invalid.
Line 150: The property name Tab(0).Control(15) in SSTab1 is invalid.
Line 151: The property name Tab(0).Control(16) in SSTab1 is invalid.
Line 152: The property name Tab(0).Control(17) in SSTab1 is invalid.
Line 153: The property name Tab(0).Control(18) in SSTab1 is invalid.
Line 154: The property name Tab(0).Control(19) in SSTab1 is invalid.
Line 155: The property name Tab(0).Control(20) in SSTab1 is invalid.
Line 156: The property name Tab(0).Control(21) in SSTab1 is invalid.
Line 157: The property name Tab(0).Control(22) in SSTab1 is invalid.
Line 158: The property name Tab(0).Control(23) in SSTab1 is invalid.
Line 159: The property name Tab(0).Control(24) in SSTab1 is invalid.
Line 160: The property name Tab(0).Control(25) in SSTab1 is invalid.
Line 161: The property name Tab(0).Control(26) in SSTab1 is invalid.
Line 162: The property name Tab(0).Control(27) in SSTab1 is invalid.
Line 163: The property name Tab(0).Control(28) in SSTab1 is invalid.
Line 164: The property name Tab(0).Control(29) in SSTab1 is invalid.
Line 165: The property name Tab(0).Control(30) in SSTab1 is invalid.
Line 166: The property name Tab(0).ControlCount in SSTab1 is invalid.
Line 167: The property name TabCaption(1) in SSTab1 is invalid.
Line 168: The property name TabPicture(1) in SSTab1 is invalid.
Line 169: The property name Tab(1).ControlEnabled in SSTab1 is invalid.
Line 170: The property name Tab(1).Control(0) in SSTab1 is invalid.
Line 171: The property name Tab(1).Control(0).Enabled in SSTab1 is invalid.
Line 172: The property name Tab(1).Control(1) in SSTab1 is invalid.
Line 173: The property name Tab(1).Control(1).Enabled in SSTab1 is invalid.
Line 174: The property name Tab(1).Control(2) in SSTab1 is invalid.
Line 175: The property name Tab(1).Control(2).Enabled in SSTab1 is invalid.
Line 176: The property name Tab(1).Control(3) in SSTab1 is invalid.
Line 177: The property name Tab(1).Control(3).Enabled in SSTab1 is invalid.
Line 178: The property name Tab(1).Control(4) in SSTab1 is invalid.
Line 179: The property name Tab(1).Control(4).Enabled in SSTab1 is invalid.
Line 180: The property name Tab(1).Control(5) in SSTab1 is invalid.
Line 181: The property name Tab(1).Control(5).Enabled in SSTab1 is invalid.
Line 182: The property name Tab(1).Control(6) in SSTab1 is invalid.
Line 183: The property name Tab(1).Control(6).Enabled in SSTab1 is invalid.
Line 184: The property name Tab(1).Control(7) in SSTab1 is invalid.
Line 185: The property name Tab(1).Control(7).Enabled in SSTab1 is invalid.
Line 186: The property name Tab(1).Control(8) in SSTab1 is invalid.
Line 187: The property name Tab(1).Control(8).Enabled in SSTab1 is invalid.
Line 188: The property name Tab(1).Control(9) in SSTab1 is invalid.
Line 189: The property name Tab(1).Control(9).Enabled in SSTab1 is invalid.
Line 190: The property name Tab(1).Control(10) in SSTab1 is invalid.
Line 191: The property name Tab(1).Control(10).Enabled in SSTab1 is invalid.
Line 192: The property name Tab(1).Control(11) in SSTab1 is invalid.
Line 193: The property name Tab(1).Control(11).Enabled in SSTab1 is invalid.
Line 194: The property name Tab(1).Control(12) in SSTab1 is invalid.
Line 195: The property name Tab(1).Control(12).Enabled in SSTab1 is invalid.
Line 196: The property name Tab(1).Control(13) in SSTab1 is invalid.
Line 197: The property name Tab(1).Control(13).Enabled in SSTab1 is invalid.
Line 198: The property name Tab(1).Control(14) in SSTab1 is invalid.
Line 199: The property name Tab(1).Control(14).Enabled in SSTab1 is invalid.
Line 200: The property name Tab(1).Control(15) in SSTab1 is invalid.
Line 201: The property name Tab(1).Control(15).Enabled in SSTab1 is invalid.
Line 202: The property name Tab(1).Control(16) in SSTab1 is invalid.
Line 203: The property name Tab(1).Control(16).Enabled in SSTab1 is invalid.
Line 204: The property name Tab(1).Control(17) in SSTab1 is invalid.
Line 205: The property name Tab(1).Control(17).Enabled in SSTab1 is invalid.
Line 206: The property name Tab(1).Control(18) in SSTab1 is invalid.
Line 207: The property name Tab(1).Control(18).Enabled in SSTab1 is invalid.
Line 208: The property name Tab(1).Control(19) in SSTab1 is invalid.
Line 209: The property name Tab(1).Control(19).Enabled in SSTab1 is invalid.
Line 210: The property name Tab(1).Control(20) in SSTab1 is invalid.
Line 211: The property name Tab(1).Control(20).Enabled in SSTab1 is invalid.
Line 212: The property name Tab(1).Control(21) in SSTab1 is invalid.
Line 213: The property name Tab(1).Control(21).Enabled in SSTab1 is invalid.
Line 214: The property name Tab(1).Control(22) in SSTab1 is invalid.
Line 215: The property name Tab(1).Control(22).Enabled in SSTab1 is invalid.
Line 216: The property name Tab(1).Control(23) in SSTab1 is invalid.
Line 217: The property name Tab(1).Control(23).Enabled in SSTab1 is invalid.
Line 218: The property name Tab(1).Control(24) in SSTab1 is invalid.
Line 219: The property name Tab(1).Control(24).Enabled in SSTab1 is invalid.
Line 220: The property name Tab(1).Control(25) in SSTab1 is invalid.
Line 221: The property name Tab(1).Control(25).Enabled in SSTab1 is invalid.
Line 222: The property name Tab(1).Control(26) in SSTab1 is invalid.
Line 223: The property name Tab(1).Control(26).Enabled in SSTab1 is invalid.
Line 224: The property name Tab(1).Control(27) in SSTab1 is invalid.
Line 225: The property name Tab(1).Control(27).Enabled in SSTab1 is invalid.
Line 226: The property name Tab(1).Control(28) in SSTab1 is invalid.
Line 227: The property name Tab(1).Control(28).Enabled in SSTab1 is invalid.
Line 228: The property name Tab(1).Control(29) in SSTab1 is invalid.
Line 229: The property name Tab(1).Control(29).Enabled in SSTab1 is invalid.
Line 230: The property name Tab(1).Control(30) in SSTab1 is invalid.
Line 231: The property name Tab(1).Control(30).Enabled in SSTab1 is invalid.
Line 232: The property name Tab(1).ControlCount in SSTab1 is invalid.
Line 233: The property name TabCaption(2) in SSTab1 is invalid.
Line 234: The property name TabPicture(2) in SSTab1 is invalid.
Line 235: The property name Tab(2).ControlEnabled in SSTab1 is invalid.
Line 236: The property name Tab(2).Control(0) in SSTab1 is invalid.
Line 237: The property name Tab(2).ControlCount in SSTab1 is invalid.
