Line 19: Class MSAdodcLib.Adodc of control AdoGrade was not a loaded control class.
Line 83: Class MSAdodcLib.Adodc of control AdoLogAllarmi was not a loaded control class.
Line 130: Class MSAdodcLib.Adodc of control AdoLogPacco was not a loaded control class.
Line 177: Class MSAdodcLib.Adodc of control AdoAllarmi was not a loaded control class.
Line 24: The property name _ExtentX in AdoGrade is invalid.
Line 25: The property name _ExtentY in AdoGrade is invalid.
Line 26: The property name ConnectMode in AdoGrade is invalid.
Line 27: The property name CursorLocation in AdoGrade is invalid.
Line 28: The property name IsolationLevel in AdoGrade is invalid.
Line 29: The property name ConnectionTimeout in AdoGrade is invalid.
Line 30: The property name CommandTimeout in AdoGrade is invalid.
Line 31: The property name CursorType in AdoGrade is invalid.
Line 32: The property name LockType in AdoGrade is invalid.
Line 33: The property name CommandType in AdoGrade is invalid.
Line 34: The property name CursorOptions in AdoGrade is invalid.
Line 35: The property name CacheSize in AdoGrade is invalid.
Line 36: The property name MaxRecords in AdoGrade is invalid.
Line 37: The property name BOFAction in AdoGrade is invalid.
Line 38: The property name EOFAction in AdoGrade is invalid.
Line 39: The property name ConnectStringType in AdoGrade is invalid.
Line 43: The property name Orientation in AdoGrade is invalid.
Line 45: The property name Connect in AdoGrade is invalid.
Line 46: The property name OLEDBString in AdoGrade is invalid.
Line 47: The property name OLEDBFile in AdoGrade is invalid.
Line 48: The property name DataSourceName in AdoGrade is invalid.
Line 49: The property name OtherAttributes in AdoGrade is invalid.
Line 50: The property name UserName in AdoGrade is invalid.
Line 51: The property name Password in AdoGrade is invalid.
Line 52: The property name RecordSource in AdoGrade is invalid.
Line 53: The property name Caption in AdoGrade is invalid.
Line 63: The property name _Version in AdoGrade is invalid.
Line 89: The property name _ExtentX in AdoLogAllarmi is invalid.
Line 90: The property name _ExtentY in AdoLogAllarmi is invalid.
Line 91: The property name ConnectMode in AdoLogAllarmi is invalid.
Line 92: The property name CursorLocation in AdoLogAllarmi is invalid.
Line 93: The property name IsolationLevel in AdoLogAllarmi is invalid.
Line 94: The property name ConnectionTimeout in AdoLogAllarmi is invalid.
Line 95: The property name CommandTimeout in AdoLogAllarmi is invalid.
Line 96: The property name CursorType in AdoLogAllarmi is invalid.
Line 97: The property name LockType in AdoLogAllarmi is invalid.
Line 98: The property name CommandType in AdoLogAllarmi is invalid.
Line 99: The property name CursorOptions in AdoLogAllarmi is invalid.
Line 100: The property name CacheSize in AdoLogAllarmi is invalid.
Line 101: The property name MaxRecords in AdoLogAllarmi is invalid.
Line 102: The property name BOFAction in AdoLogAllarmi is invalid.
Line 103: The property name EOFAction in AdoLogAllarmi is invalid.
Line 104: The property name ConnectStringType in AdoLogAllarmi is invalid.
Line 108: The property name Orientation in AdoLogAllarmi is invalid.
Line 110: The property name Connect in AdoLogAllarmi is invalid.
Line 111: The property name OLEDBString in AdoLogAllarmi is invalid.
Line 112: The property name OLEDBFile in AdoLogAllarmi is invalid.
Line 113: The property name DataSourceName in AdoLogAllarmi is invalid.
Line 114: The property name OtherAttributes in AdoLogAllarmi is invalid.
Line 115: The property name UserName in AdoLogAllarmi is invalid.
Line 116: The property name Password in AdoLogAllarmi is invalid.
Line 117: The property name RecordSource in AdoLogAllarmi is invalid.
Line 118: The property name Caption in AdoLogAllarmi is invalid.
Line 128: The property name _Version in AdoLogAllarmi is invalid.
Line 136: The property name _ExtentX in AdoLogPacco is invalid.
Line 137: The property name _ExtentY in AdoLogPacco is invalid.
Line 138: The property name ConnectMode in AdoLogPacco is invalid.
Line 139: The property name CursorLocation in AdoLogPacco is invalid.
Line 140: The property name IsolationLevel in AdoLogPacco is invalid.
Line 141: The property name ConnectionTimeout in AdoLogPacco is invalid.
Line 142: The property name CommandTimeout in AdoLogPacco is invalid.
Line 143: The property name CursorType in AdoLogPacco is invalid.
Line 144: The property name LockType in AdoLogPacco is invalid.
Line 145: The property name CommandType in AdoLogPacco is invalid.
Line 146: The property name CursorOptions in AdoLogPacco is invalid.
Line 147: The property name CacheSize in AdoLogPacco is invalid.
Line 148: The property name MaxRecords in AdoLogPacco is invalid.
Line 149: The property name BOFAction in AdoLogPacco is invalid.
Line 150: The property name EOFAction in AdoLogPacco is invalid.
Line 151: The property name ConnectStringType in AdoLogPacco is invalid.
Line 155: The property name Orientation in AdoLogPacco is invalid.
Line 157: The property name Connect in AdoLogPacco is invalid.
Line 158: The property name OLEDBString in AdoLogPacco is invalid.
Line 159: The property name OLEDBFile in AdoLogPacco is invalid.
Line 160: The property name DataSourceName in AdoLogPacco is invalid.
Line 161: The property name OtherAttributes in AdoLogPacco is invalid.
Line 162: The property name UserName in AdoLogPacco is invalid.
Line 163: The property name Password in AdoLogPacco is invalid.
Line 164: The property name RecordSource in AdoLogPacco is invalid.
Line 165: The property name Caption in AdoLogPacco is invalid.
Line 175: The property name _Version in AdoLogPacco is invalid.
Line 183: The property name _ExtentX in AdoAllarmi is invalid.
Line 184: The property name _ExtentY in AdoAllarmi is invalid.
Line 185: The property name ConnectMode in AdoAllarmi is invalid.
Line 186: The property name CursorLocation in AdoAllarmi is invalid.
Line 187: The property name IsolationLevel in AdoAllarmi is invalid.
Line 188: The property name ConnectionTimeout in AdoAllarmi is invalid.
Line 189: The property name CommandTimeout in AdoAllarmi is invalid.
Line 190: The property name CursorType in AdoAllarmi is invalid.
Line 191: The property name LockType in AdoAllarmi is invalid.
Line 192: The property name CommandType in AdoAllarmi is invalid.
Line 193: The property name CursorOptions in AdoAllarmi is invalid.
Line 194: The property name CacheSize in AdoAllarmi is invalid.
Line 195: The property name MaxRecords in AdoAllarmi is invalid.
Line 196: The property name BOFAction in AdoAllarmi is invalid.
Line 197: The property name EOFAction in AdoAllarmi is invalid.
Line 198: The property name ConnectStringType in AdoAllarmi is invalid.
Line 202: The property name Orientation in AdoAllarmi is invalid.
Line 204: The property name Connect in AdoAllarmi is invalid.
Line 205: The property name OLEDBString in AdoAllarmi is invalid.
Line 206: The property name OLEDBFile in AdoAllarmi is invalid.
Line 207: The property name DataSourceName in AdoAllarmi is invalid.
Line 208: The property name OtherAttributes in AdoAllarmi is invalid.
Line 209: The property name UserName in AdoAllarmi is invalid.
Line 210: The property name Password in AdoAllarmi is invalid.
Line 211: The property name RecordSource in AdoAllarmi is invalid.
Line 212: The property name Caption in AdoAllarmi is invalid.
Line 222: The property name _Version in AdoAllarmi is invalid.
