Line 30: Class TabDlg.SSTab of control SSTab1 was not a loaded control class.
Line 1313: Class MSHierarchicalFlexGridLib.MSHFlexGrid of control GridOrdiniFuturi was not a loaded control class.
Line 1712: Class dp6.XPButton of control XPButton1 was not a loaded control class.
Line 1747: Class dp6.XPButton of control XPButton1 was not a loaded control class.
Line 1782: Class dp6.XPButton of control XPButton1 was not a loaded control class.
Line 1817: Class dp6.XPButton of control XPButton1 was not a loaded control class.
Line 2009: Class MSAdodcLib.Adodc of control AdoRicette was not a loaded control class.
Line 2056: Class MSAdodcLib.Adodc of control AdoOrdini was not a loaded control class.
Line 2103: Class dp6.Barra2 of control Barra21 was not a loaded control class.
Line 36: The property name _ExtentX in SSTab1 is invalid.
Line 37: The property name _ExtentY in SSTab1 is invalid.
Line 38: The property name _Version in SSTab1 is invalid.
Line 39: The property name TabHeight in SSTab1 is invalid.
Line 50: The property name TabCaption(0) in SSTab1 is invalid.
Line 51: The property name TabPicture(0) in SSTab1 is invalid.
Line 52: The property name Tab(0).ControlEnabled in SSTab1 is invalid.
Line 53: The property name Tab(0).Control(0) in SSTab1 is invalid.
Line 54: The property name Tab(0).Control(0).Enabled in SSTab1 is invalid.
Line 55: The property name Tab(0).Control(1) in SSTab1 is invalid.
Line 56: The property name Tab(0).Control(1).Enabled in SSTab1 is invalid.
Line 57: The property name Tab(0).Control(2) in SSTab1 is invalid.
Line 58: The property name Tab(0).Control(2).Enabled in SSTab1 is invalid.
Line 59: The property name Tab(0).Control(3) in SSTab1 is invalid.
Line 60: The property name Tab(0).Control(3).Enabled in SSTab1 is invalid.
Line 61: The property name Tab(0).Control(4) in SSTab1 is invalid.
Line 62: The property name Tab(0).Control(4).Enabled in SSTab1 is invalid.
Line 63: The property name Tab(0).Control(5) in SSTab1 is invalid.
Line 64: The property name Tab(0).Control(5).Enabled in SSTab1 is invalid.
Line 65: The property name Tab(0).Control(6) in SSTab1 is invalid.
Line 66: The property name Tab(0).Control(6).Enabled in SSTab1 is invalid.
Line 67: The property name Tab(0).Control(7) in SSTab1 is invalid.
Line 68: The property name Tab(0).Control(7).Enabled in SSTab1 is invalid.
Line 69: The property name Tab(0).Control(8) in SSTab1 is invalid.
Line 70: The property name Tab(0).Control(8).Enabled in SSTab1 is invalid.
Line 71: The property name Tab(0).Control(9) in SSTab1 is invalid.
Line 72: The property name Tab(0).Control(9).Enabled in SSTab1 is invalid.
Line 73: The property name Tab(0).Control(10) in SSTab1 is invalid.
Line 74: The property name Tab(0).Control(10).Enabled in SSTab1 is invalid.
Line 75: The property name Tab(0).Control(11) in SSTab1 is invalid.
Line 76: The property name Tab(0).Control(11).Enabled in SSTab1 is invalid.
Line 77: The property name Tab(0).Control(12) in SSTab1 is invalid.
Line 78: The property name Tab(0).Control(12).Enabled in SSTab1 is invalid.
Line 79: The property name Tab(0).Control(13) in SSTab1 is invalid.
Line 80: The property name Tab(0).Control(13).Enabled in SSTab1 is invalid.
Line 81: The property name Tab(0).Control(14) in SSTab1 is invalid.
Line 82: The property name Tab(0).Control(14).Enabled in SSTab1 is invalid.
Line 83: The property name Tab(0).Control(15) in SSTab1 is invalid.
Line 84: The property name Tab(0).Control(15).Enabled in SSTab1 is invalid.
Line 85: The property name Tab(0).Control(16) in SSTab1 is invalid.
Line 86: The property name Tab(0).Control(16).Enabled in SSTab1 is invalid.
Line 87: The property name Tab(0).Control(17) in SSTab1 is invalid.
Line 88: The property name Tab(0).Control(17).Enabled in SSTab1 is invalid.
Line 89: The property name Tab(0).Control(18) in SSTab1 is invalid.
Line 90: The property name Tab(0).Control(18).Enabled in SSTab1 is invalid.
Line 91: The property name Tab(0).ControlCount in SSTab1 is invalid.
Line 92: The property name TabCaption(1) in SSTab1 is invalid.
Line 93: The property name TabPicture(1) in SSTab1 is invalid.
Line 94: The property name Tab(1).ControlEnabled in SSTab1 is invalid.
Line 95: The property name Tab(1).Control(0) in SSTab1 is invalid.
Line 96: The property name Tab(1).Control(1) in SSTab1 is invalid.
Line 97: The property name Tab(1).Control(2) in SSTab1 is invalid.
Line 98: The property name Tab(1).Control(3) in SSTab1 is invalid.
Line 99: The property name Tab(1).Control(4) in SSTab1 is invalid.
Line 100: The property name Tab(1).Control(5) in SSTab1 is invalid.
Line 101: The property name Tab(1).Control(6) in SSTab1 is invalid.
Line 102: The property name Tab(1).Control(7) in SSTab1 is invalid.
Line 103: The property name Tab(1).Control(8) in SSTab1 is invalid.
Line 104: The property name Tab(1).Control(9) in SSTab1 is invalid.
Line 105: The property name Tab(1).Control(10) in SSTab1 is invalid.
Line 106: The property name Tab(1).Control(11) in SSTab1 is invalid.
Line 107: The property name Tab(1).Control(12) in SSTab1 is invalid.
Line 108: The property name Tab(1).ControlCount in SSTab1 is invalid.
Line 109: The property name TabCaption(2) in SSTab1 is invalid.
Line 110: The property name TabPicture(2) in SSTab1 is invalid.
Line 111: The property name Tab(2).ControlEnabled in SSTab1 is invalid.
Line 112: The property name Tab(2).ControlCount in SSTab1 is invalid.
Line 1319: The property name _ExtentX in GridOrdiniFuturi is invalid.
Line 1320: The property name _ExtentY in GridOrdiniFuturi is invalid.
Line 1321: The property name _Version in GridOrdiniFuturi is invalid.
Line 1322: The property name Rows in GridOrdiniFuturi is invalid.
Line 1323: The property name Cols in GridOrdiniFuturi is invalid.
Line 1324: The property name FixedRows in GridOrdiniFuturi is invalid.
Line 1325: The property name FixedCols in GridOrdiniFuturi is invalid.
Line 1326: The property name BackColorBkg in GridOrdiniFuturi is invalid.
Line 1327: The property name WordWrap in GridOrdiniFuturi is invalid.
Line 1328: The property name AllowBigSelection in GridOrdiniFuturi is invalid.
Line 1329: The property name FocusRect in GridOrdiniFuturi is invalid.
Line 1330: The property name ScrollBars in GridOrdiniFuturi is invalid.
Line 1331: The property name SelectionMode in GridOrdiniFuturi is invalid.
Line 1341: The property name _NumberOfBands in GridOrdiniFuturi is invalid.
Line 1342: The property name _Band(0).Cols in GridOrdiniFuturi is invalid.
Line 1343: The property name _Band(0).GridLinesBand in GridOrdiniFuturi is invalid.
Line 1344: The property name _Band(0).TextStyleBand in GridOrdiniFuturi is invalid.
Line 1345: The property name _Band(0).TextStyleHeader in GridOrdiniFuturi is invalid.
Line 1719: The property name _ExtentX in XPButton1 is invalid.
Line 1720: The property name _ExtentY in XPButton1 is invalid.
Line 1721: The property name TxtText in XPButton1 is invalid.
Line 1722: The property name TxtTop in XPButton1 is invalid.
Line 1723: The property name TxtLeft in XPButton1 is invalid.
Line 1724: The property name BTYPE in XPButton1 is invalid.
Line 1725: The property name IMGTOP in XPButton1 is invalid.
Line 1726: The property name IMGLEFT in XPButton1 is invalid.
Line 1727: The property name ICONA in XPButton1 is invalid.
Line 1728: The property name ImgW in XPButton1 is invalid.
Line 1729: The property name ImgH in XPButton1 is invalid.
Line 1730: The property name ImgAllarga in XPButton1 is invalid.
Line 1731: The property name TX in XPButton1 is invalid.
Line 1732: The property name ENAB in XPButton1 is invalid.
Line 1742: The property name COLTYPE in XPButton1 is invalid.
Line 1743: The property name FOCUSR in XPButton1 is invalid.
Line 1744: The property name BCOL in XPButton1 is invalid.
Line 1745: The property name FCOL in XPButton1 is invalid.
Line 1754: The property name _ExtentX in XPButton1 is invalid.
Line 1755: The property name _ExtentY in XPButton1 is invalid.
Line 1756: The property name TxtText in XPButton1 is invalid.
Line 1757: The property name TxtTop in XPButton1 is invalid.
Line 1758: The property name TxtLeft in XPButton1 is invalid.
Line 1759: The property name BTYPE in XPButton1 is invalid.
Line 1760: The property name IMGTOP in XPButton1 is invalid.
Line 1761: The property name IMGLEFT in XPButton1 is invalid.
Line 1762: The property name ICONA in XPButton1 is invalid.
Line 1763: The property name ImgW in XPButton1 is invalid.
Line 1764: The property name ImgH in XPButton1 is invalid.
Line 1765: The property name ImgAllarga in XPButton1 is invalid.
Line 1766: The property name TX in XPButton1 is invalid.
Line 1767: The property name ENAB in XPButton1 is invalid.
Line 1777: The property name COLTYPE in XPButton1 is invalid.
Line 1778: The property name FOCUSR in XPButton1 is invalid.
Line 1779: The property name BCOL in XPButton1 is invalid.
Line 1780: The property name FCOL in XPButton1 is invalid.
Line 1789: The property name _ExtentX in XPButton1 is invalid.
Line 1790: The property name _ExtentY in XPButton1 is invalid.
Line 1791: The property name TxtText in XPButton1 is invalid.
Line 1792: The property name TxtTop in XPButton1 is invalid.
Line 1793: The property name TxtLeft in XPButton1 is invalid.
Line 1794: The property name BTYPE in XPButton1 is invalid.
Line 1795: The property name IMGTOP in XPButton1 is invalid.
Line 1796: The property name IMGLEFT in XPButton1 is invalid.
Line 1797: The property name ICONA in XPButton1 is invalid.
Line 1798: The property name ImgW in XPButton1 is invalid.
Line 1799: The property name ImgH in XPButton1 is invalid.
Line 1800: The property name ImgAllarga in XPButton1 is invalid.
Line 1801: The property name TX in XPButton1 is invalid.
Line 1802: The property name ENAB in XPButton1 is invalid.
Line 1812: The property name COLTYPE in XPButton1 is invalid.
Line 1813: The property name FOCUSR in XPButton1 is invalid.
Line 1814: The property name BCOL in XPButton1 is invalid.
Line 1815: The property name FCOL in XPButton1 is invalid.
Line 1824: The property name _ExtentX in XPButton1 is invalid.
Line 1825: The property name _ExtentY in XPButton1 is invalid.
Line 1826: The property name TxtText in XPButton1 is invalid.
Line 1827: The property name TxtTop in XPButton1 is invalid.
Line 1828: The property name TxtLeft in XPButton1 is invalid.
Line 1829: The property name BTYPE in XPButton1 is invalid.
Line 1830: The property name IMGTOP in XPButton1 is invalid.
Line 1831: The property name IMGLEFT in XPButton1 is invalid.
Line 1832: The property name ICONA in XPButton1 is invalid.
Line 1833: The property name ImgW in XPButton1 is invalid.
Line 1834: The property name ImgH in XPButton1 is invalid.
Line 1835: The property name ImgAllarga in XPButton1 is invalid.
Line 1836: The property name TX in XPButton1 is invalid.
Line 1837: The property name ENAB in XPButton1 is invalid.
Line 1847: The property name COLTYPE in XPButton1 is invalid.
Line 1848: The property name FOCUSR in XPButton1 is invalid.
Line 1849: The property name BCOL in XPButton1 is invalid.
Line 1850: The property name FCOL in XPButton1 is invalid.
Line 2015: The property name _ExtentX in AdoRicette is invalid.
Line 2016: The property name _ExtentY in AdoRicette is invalid.
Line 2017: The property name ConnectMode in AdoRicette is invalid.
Line 2018: The property name CursorLocation in AdoRicette is invalid.
Line 2019: The property name IsolationLevel in AdoRicette is invalid.
Line 2020: The property name ConnectionTimeout in AdoRicette is invalid.
Line 2021: The property name CommandTimeout in AdoRicette is invalid.
Line 2022: The property name CursorType in AdoRicette is invalid.
Line 2023: The property name LockType in AdoRicette is invalid.
Line 2024: The property name CommandType in AdoRicette is invalid.
Line 2025: The property name CursorOptions in AdoRicette is invalid.
Line 2026: The property name CacheSize in AdoRicette is invalid.
Line 2027: The property name MaxRecords in AdoRicette is invalid.
Line 2028: The property name BOFAction in AdoRicette is invalid.
Line 2029: The property name EOFAction in AdoRicette is invalid.
Line 2030: The property name ConnectStringType in AdoRicette is invalid.
Line 2034: The property name Orientation in AdoRicette is invalid.
Line 2036: The property name Connect in AdoRicette is invalid.
Line 2037: The property name OLEDBString in AdoRicette is invalid.
Line 2038: The property name OLEDBFile in AdoRicette is invalid.
Line 2039: The property name DataSourceName in AdoRicette is invalid.
Line 2040: The property name OtherAttributes in AdoRicette is invalid.
Line 2041: The property name UserName in AdoRicette is invalid.
Line 2042: The property name Password in AdoRicette is invalid.
Line 2043: The property name RecordSource in AdoRicette is invalid.
Line 2044: The property name Caption in AdoRicette is invalid.
Line 2054: The property name _Version in AdoRicette is invalid.
Line 2062: The property name _ExtentX in AdoOrdini is invalid.
Line 2063: The property name _ExtentY in AdoOrdini is invalid.
Line 2064: The property name ConnectMode in AdoOrdini is invalid.
Line 2065: The property name CursorLocation in AdoOrdini is invalid.
Line 2066: The property name IsolationLevel in AdoOrdini is invalid.
Line 2067: The property name ConnectionTimeout in AdoOrdini is invalid.
Line 2068: The property name CommandTimeout in AdoOrdini is invalid.
Line 2069: The property name CursorType in AdoOrdini is invalid.
Line 2070: The property name LockType in AdoOrdini is invalid.
Line 2071: The property name CommandType in AdoOrdini is invalid.
Line 2072: The property name CursorOptions in AdoOrdini is invalid.
Line 2073: The property name CacheSize in AdoOrdini is invalid.
Line 2074: The property name MaxRecords in AdoOrdini is invalid.
Line 2075: The property name BOFAction in AdoOrdini is invalid.
Line 2076: The property name EOFAction in AdoOrdini is invalid.
Line 2077: The property name ConnectStringType in AdoOrdini is invalid.
Line 2081: The property name Orientation in AdoOrdini is invalid.
Line 2083: The property name Connect in AdoOrdini is invalid.
Line 2084: The property name OLEDBString in AdoOrdini is invalid.
Line 2085: The property name OLEDBFile in AdoOrdini is invalid.
Line 2086: The property name DataSourceName in AdoOrdini is invalid.
Line 2087: The property name OtherAttributes in AdoOrdini is invalid.
Line 2088: The property name UserName in AdoOrdini is invalid.
Line 2089: The property name Password in AdoOrdini is invalid.
Line 2090: The property name RecordSource in AdoOrdini is invalid.
Line 2091: The property name Caption in AdoOrdini is invalid.
Line 2101: The property name _Version in AdoOrdini is invalid.
Line 2109: The property name _ExtentX in Barra21 is invalid.
Line 2110: The property name _ExtentY in Barra21 is invalid.
