Line 21: Class MSAdodcLib.Adodc of control AdoNumeri was not a loaded control class.
Line 68: Class MSAdodcLib.Adodc of control AdoTesti was not a loaded control class.
Line 130: Class dp6.XPButton of control XPButton1 was not a loaded control class.
Line 174: Class dp6.XPButton of control XPButton1 was not a loaded control class.
Line 209: Class dp6.XPButton of control XPButton1 was not a loaded control class.
Line 278: Class dp6.XPButton of control XPButton2 was not a loaded control class.
Line 1131: Class dp6.XPButton of control XPButton1 was not a loaded control class.
Line 1166: Class dp6.XPButton of control XPButton1 was not a loaded control class.
Line 1201: Class dp6.XPButton of control XPButton1 was not a loaded control class.
Line 1236: Class dp6.XPButton of control XPButton1 was not a loaded control class.
Line 1428: Class dp6.Barra2 of control Barra21 was not a loaded control class.
Line 1437: Class TabDlg.SSTab of control SSTab1 was not a loaded control class.
Line 1849: Class MSHierarchicalFlexGridLib.MSHFlexGrid of control GridParametri was not a loaded control class.
Line 1877: Class dp6.VerticalMenu of control VerticalMenu1 was not a loaded control class.
Line 27: The property name _ExtentX in AdoNumeri is invalid.
Line 28: The property name _ExtentY in AdoNumeri is invalid.
Line 29: The property name ConnectMode in AdoNumeri is invalid.
Line 30: The property name CursorLocation in AdoNumeri is invalid.
Line 31: The property name IsolationLevel in AdoNumeri is invalid.
Line 32: The property name ConnectionTimeout in AdoNumeri is invalid.
Line 33: The property name CommandTimeout in AdoNumeri is invalid.
Line 34: The property name CursorType in AdoNumeri is invalid.
Line 35: The property name LockType in AdoNumeri is invalid.
Line 36: The property name CommandType in AdoNumeri is invalid.
Line 37: The property name CursorOptions in AdoNumeri is invalid.
Line 38: The property name CacheSize in AdoNumeri is invalid.
Line 39: The property name MaxRecords in AdoNumeri is invalid.
Line 40: The property name BOFAction in AdoNumeri is invalid.
Line 41: The property name EOFAction in AdoNumeri is invalid.
Line 42: The property name ConnectStringType in AdoNumeri is invalid.
Line 46: The property name Orientation in AdoNumeri is invalid.
Line 48: The property name Connect in AdoNumeri is invalid.
Line 49: The property name OLEDBString in AdoNumeri is invalid.
Line 50: The property name OLEDBFile in AdoNumeri is invalid.
Line 51: The property name DataSourceName in AdoNumeri is invalid.
Line 52: The property name OtherAttributes in AdoNumeri is invalid.
Line 53: The property name UserName in AdoNumeri is invalid.
Line 54: The property name Password in AdoNumeri is invalid.
Line 55: The property name RecordSource in AdoNumeri is invalid.
Line 56: The property name Caption in AdoNumeri is invalid.
Line 66: The property name _Version in AdoNumeri is invalid.
Line 74: The property name _ExtentX in AdoTesti is invalid.
Line 75: The property name _ExtentY in AdoTesti is invalid.
Line 76: The property name ConnectMode in AdoTesti is invalid.
Line 77: The property name CursorLocation in AdoTesti is invalid.
Line 78: The property name IsolationLevel in AdoTesti is invalid.
Line 79: The property name ConnectionTimeout in AdoTesti is invalid.
Line 80: The property name CommandTimeout in AdoTesti is invalid.
Line 81: The property name CursorType in AdoTesti is invalid.
Line 82: The property name LockType in AdoTesti is invalid.
Line 83: The property name CommandType in AdoTesti is invalid.
Line 84: The property name CursorOptions in AdoTesti is invalid.
Line 85: The property name CacheSize in AdoTesti is invalid.
Line 86: The property name MaxRecords in AdoTesti is invalid.
Line 87: The property name BOFAction in AdoTesti is invalid.
Line 88: The property name EOFAction in AdoTesti is invalid.
Line 89: The property name ConnectStringType in AdoTesti is invalid.
Line 93: The property name Orientation in AdoTesti is invalid.
Line 95: The property name Connect in AdoTesti is invalid.
Line 96: The property name OLEDBString in AdoTesti is invalid.
Line 97: The property name OLEDBFile in AdoTesti is invalid.
Line 98: The property name DataSourceName in AdoTesti is invalid.
Line 99: The property name OtherAttributes in AdoTesti is invalid.
Line 100: The property name UserName in AdoTesti is invalid.
Line 101: The property name Password in AdoTesti is invalid.
Line 102: The property name RecordSource in AdoTesti is invalid.
Line 103: The property name Caption in AdoTesti is invalid.
Line 113: The property name _Version in AdoTesti is invalid.
Line 138: The property name _ExtentX in XPButton1 is invalid.
Line 139: The property name _ExtentY in XPButton1 is invalid.
Line 140: The property name TxtText in XPButton1 is invalid.
Line 141: The property name TxtTop in XPButton1 is invalid.
Line 142: The property name TxtLeft in XPButton1 is invalid.
Line 143: The property name BTYPE in XPButton1 is invalid.
Line 144: The property name IMGTOP in XPButton1 is invalid.
Line 145: The property name IMGLEFT in XPButton1 is invalid.
Line 146: The property name ICONA in XPButton1 is invalid.
Line 147: The property name ImgW in XPButton1 is invalid.
Line 148: The property name ImgH in XPButton1 is invalid.
Line 149: The property name ImgAllarga in XPButton1 is invalid.
Line 150: The property name TX in XPButton1 is invalid.
Line 151: The property name ENAB in XPButton1 is invalid.
Line 161: The property name COLTYPE in XPButton1 is invalid.
Line 162: The property name FOCUSR in XPButton1 is invalid.
Line 163: The property name BCOL in XPButton1 is invalid.
Line 164: The property name FCOL in XPButton1 is invalid.
Line 181: The property name _ExtentX in XPButton1 is invalid.
Line 182: The property name _ExtentY in XPButton1 is invalid.
Line 183: The property name TxtText in XPButton1 is invalid.
Line 184: The property name TxtTop in XPButton1 is invalid.
Line 185: The property name TxtLeft in XPButton1 is invalid.
Line 186: The property name BTYPE in XPButton1 is invalid.
Line 187: The property name IMGTOP in XPButton1 is invalid.
Line 188: The property name IMGLEFT in XPButton1 is invalid.
Line 189: The property name ICONA in XPButton1 is invalid.
Line 190: The property name ImgW in XPButton1 is invalid.
Line 191: The property name ImgH in XPButton1 is invalid.
Line 192: The property name ImgAllarga in XPButton1 is invalid.
Line 193: The property name TX in XPButton1 is invalid.
Line 194: The property name ENAB in XPButton1 is invalid.
Line 204: The property name COLTYPE in XPButton1 is invalid.
Line 205: The property name FOCUSR in XPButton1 is invalid.
Line 206: The property name BCOL in XPButton1 is invalid.
Line 207: The property name FCOL in XPButton1 is invalid.
Line 217: The property name _ExtentX in XPButton1 is invalid.
Line 218: The property name _ExtentY in XPButton1 is invalid.
Line 219: The property name TxtText in XPButton1 is invalid.
Line 220: The property name TxtTop in XPButton1 is invalid.
Line 221: The property name TxtLeft in XPButton1 is invalid.
Line 222: The property name BTYPE in XPButton1 is invalid.
Line 223: The property name IMGTOP in XPButton1 is invalid.
Line 224: The property name IMGLEFT in XPButton1 is invalid.
Line 225: The property name ICONA in XPButton1 is invalid.
Line 226: The property name ImgW in XPButton1 is invalid.
Line 227: The property name ImgH in XPButton1 is invalid.
Line 228: The property name ImgAllarga in XPButton1 is invalid.
Line 229: The property name TX in XPButton1 is invalid.
Line 230: The property name ENAB in XPButton1 is invalid.
Line 240: The property name COLTYPE in XPButton1 is invalid.
Line 241: The property name FOCUSR in XPButton1 is invalid.
Line 242: The property name BCOL in XPButton1 is invalid.
Line 243: The property name FCOL in XPButton1 is invalid.
Line 285: The property name _ExtentX in XPButton2 is invalid.
Line 286: The property name _ExtentY in XPButton2 is invalid.
Line 287: The property name TxtText in XPButton2 is invalid.
Line 288: The property name TxtTop in XPButton2 is invalid.
Line 289: The property name TxtLeft in XPButton2 is invalid.
Line 290: The property name BTYPE in XPButton2 is invalid.
Line 291: The property name IMGTOP in XPButton2 is invalid.
Line 292: The property name IMGLEFT in XPButton2 is invalid.
Line 293: The property name ICONA in XPButton2 is invalid.
Line 294: The property name ImgW in XPButton2 is invalid.
Line 295: The property name ImgH in XPButton2 is invalid.
Line 296: The property name ImgAllarga in XPButton2 is invalid.
Line 297: The property name TX in XPButton2 is invalid.
Line 298: The property name ENAB in XPButton2 is invalid.
Line 308: The property name COLTYPE in XPButton2 is invalid.
Line 309: The property name FOCUSR in XPButton2 is invalid.
Line 310: The property name BCOL in XPButton2 is invalid.
Line 311: The property name FCOL in XPButton2 is invalid.
Line 1138: The property name _ExtentX in XPButton1 is invalid.
Line 1139: The property name _ExtentY in XPButton1 is invalid.
Line 1140: The property name TxtText in XPButton1 is invalid.
Line 1141: The property name TxtTop in XPButton1 is invalid.
Line 1142: The property name TxtLeft in XPButton1 is invalid.
Line 1143: The property name BTYPE in XPButton1 is invalid.
Line 1144: The property name IMGTOP in XPButton1 is invalid.
Line 1145: The property name IMGLEFT in XPButton1 is invalid.
Line 1146: The property name ICONA in XPButton1 is invalid.
Line 1147: The property name ImgW in XPButton1 is invalid.
Line 1148: The property name ImgH in XPButton1 is invalid.
Line 1149: The property name ImgAllarga in XPButton1 is invalid.
Line 1150: The property name TX in XPButton1 is invalid.
Line 1151: The property name ENAB in XPButton1 is invalid.
Line 1161: The property name COLTYPE in XPButton1 is invalid.
Line 1162: The property name FOCUSR in XPButton1 is invalid.
Line 1163: The property name BCOL in XPButton1 is invalid.
Line 1164: The property name FCOL in XPButton1 is invalid.
Line 1173: The property name _ExtentX in XPButton1 is invalid.
Line 1174: The property name _ExtentY in XPButton1 is invalid.
Line 1175: The property name TxtText in XPButton1 is invalid.
Line 1176: The property name TxtTop in XPButton1 is invalid.
Line 1177: The property name TxtLeft in XPButton1 is invalid.
Line 1178: The property name BTYPE in XPButton1 is invalid.
Line 1179: The property name IMGTOP in XPButton1 is invalid.
Line 1180: The property name IMGLEFT in XPButton1 is invalid.
Line 1181: The property name ICONA in XPButton1 is invalid.
Line 1182: The property name ImgW in XPButton1 is invalid.
Line 1183: The property name ImgH in XPButton1 is invalid.
Line 1184: The property name ImgAllarga in XPButton1 is invalid.
Line 1185: The property name TX in XPButton1 is invalid.
Line 1186: The property name ENAB in XPButton1 is invalid.
Line 1196: The property name COLTYPE in XPButton1 is invalid.
Line 1197: The property name FOCUSR in XPButton1 is invalid.
Line 1198: The property name BCOL in XPButton1 is invalid.
Line 1199: The property name FCOL in XPButton1 is invalid.
Line 1208: The property name _ExtentX in XPButton1 is invalid.
Line 1209: The property name _ExtentY in XPButton1 is invalid.
Line 1210: The property name TxtText in XPButton1 is invalid.
Line 1211: The property name TxtTop in XPButton1 is invalid.
Line 1212: The property name TxtLeft in XPButton1 is invalid.
Line 1213: The property name BTYPE in XPButton1 is invalid.
Line 1214: The property name IMGTOP in XPButton1 is invalid.
Line 1215: The property name IMGLEFT in XPButton1 is invalid.
Line 1216: The property name ICONA in XPButton1 is invalid.
Line 1217: The property name ImgW in XPButton1 is invalid.
Line 1218: The property name ImgH in XPButton1 is invalid.
Line 1219: The property name ImgAllarga in XPButton1 is invalid.
Line 1220: The property name TX in XPButton1 is invalid.
Line 1221: The property name ENAB in XPButton1 is invalid.
Line 1231: The property name COLTYPE in XPButton1 is invalid.
Line 1232: The property name FOCUSR in XPButton1 is invalid.
Line 1233: The property name BCOL in XPButton1 is invalid.
Line 1234: The property name FCOL in XPButton1 is invalid.
Line 1243: The property name _ExtentX in XPButton1 is invalid.
Line 1244: The property name _ExtentY in XPButton1 is invalid.
Line 1245: The property name TxtText in XPButton1 is invalid.
Line 1246: The property name TxtTop in XPButton1 is invalid.
Line 1247: The property name TxtLeft in XPButton1 is invalid.
Line 1248: The property name BTYPE in XPButton1 is invalid.
Line 1249: The property name IMGTOP in XPButton1 is invalid.
Line 1250: The property name IMGLEFT in XPButton1 is invalid.
Line 1251: The property name ICONA in XPButton1 is invalid.
Line 1252: The property name ImgW in XPButton1 is invalid.
Line 1253: The property name ImgH in XPButton1 is invalid.
Line 1254: The property name ImgAllarga in XPButton1 is invalid.
Line 1255: The property name TX in XPButton1 is invalid.
Line 1256: The property name ENAB in XPButton1 is invalid.
Line 1266: The property name COLTYPE in XPButton1 is invalid.
Line 1267: The property name FOCUSR in XPButton1 is invalid.
Line 1268: The property name BCOL in XPButton1 is invalid.
Line 1269: The property name FCOL in XPButton1 is invalid.
Line 1434: The property name _ExtentX in Barra21 is invalid.
Line 1435: The property name _ExtentY in Barra21 is invalid.
Line 1443: The property name _ExtentX in SSTab1 is invalid.
Line 1444: The property name _ExtentY in SSTab1 is invalid.
Line 1445: The property name _Version in SSTab1 is invalid.
Line 1446: The property name Tabs in SSTab1 is invalid.
Line 1447: The property name TabsPerRow in SSTab1 is invalid.
Line 1448: The property name TabHeight in SSTab1 is invalid.
Line 1460: The property name TabCaption(0) in SSTab1 is invalid.
Line 1461: The property name TabPicture(0) in SSTab1 is invalid.
Line 1462: The property name Tab(0).ControlEnabled in SSTab1 is invalid.
Line 1463: The property name Tab(0).Control(0) in SSTab1 is invalid.
Line 1464: The property name Tab(0).Control(0).Enabled in SSTab1 is invalid.
Line 1465: The property name Tab(0).Control(1) in SSTab1 is invalid.
Line 1466: The property name Tab(0).Control(1).Enabled in SSTab1 is invalid.
Line 1467: The property name Tab(0).Control(2) in SSTab1 is invalid.
Line 1468: The property name Tab(0).Control(2).Enabled in SSTab1 is invalid.
Line 1469: The property name Tab(0).Control(3) in SSTab1 is invalid.
Line 1470: The property name Tab(0).Control(3).Enabled in SSTab1 is invalid.
Line 1471: The property name Tab(0).Control(4) in SSTab1 is invalid.
Line 1472: The property name Tab(0).Control(4).Enabled in SSTab1 is invalid.
Line 1473: The property name Tab(0).Control(5) in SSTab1 is invalid.
Line 1474: The property name Tab(0).Control(5).Enabled in SSTab1 is invalid.
Line 1475: The property name Tab(0).Control(6) in SSTab1 is invalid.
Line 1476: The property name Tab(0).Control(6).Enabled in SSTab1 is invalid.
Line 1477: The property name Tab(0).Control(7) in SSTab1 is invalid.
Line 1478: The property name Tab(0).Control(7).Enabled in SSTab1 is invalid.
Line 1479: The property name Tab(0).ControlCount in SSTab1 is invalid.
Line 1480: The property name TabCaption(1) in SSTab1 is invalid.
Line 1481: The property name TabPicture(1) in SSTab1 is invalid.
Line 1482: The property name Tab(1).ControlEnabled in SSTab1 is invalid.
Line 1483: The property name Tab(1).ControlCount in SSTab1 is invalid.
Line 1855: The property name _ExtentX in GridParametri is invalid.
Line 1856: The property name _ExtentY in GridParametri is invalid.
Line 1857: The property name _Version in GridParametri is invalid.
Line 1858: The property name Cols in GridParametri is invalid.
Line 1859: The property name FixedRows in GridParametri is invalid.
Line 1860: The property name FixedCols in GridParametri is invalid.
Line 1861: The property name FocusRect in GridParametri is invalid.
Line 1862: The property name ScrollBars in GridParametri is invalid.
Line 1863: The property name SelectionMode in GridParametri is invalid.
Line 1864: The property name RowSizingMode in GridParametri is invalid.
Line 1874: The property name _NumberOfBands in GridParametri is invalid.
Line 1875: The property name _Band(0).Cols in GridParametri is invalid.
Line 1883: The property name _ExtentX in VerticalMenu1 is invalid.
Line 1884: The property name _ExtentY in VerticalMenu1 is invalid.
Line 1885: The property name MenusMax in VerticalMenu1 is invalid.
Line 1886: The property name MenuCaption1 in VerticalMenu1 is invalid.
Line 1887: The property name MenuItemsMax1 in VerticalMenu1 is invalid.
Line 1888: The property name MenuItemIcon11 in VerticalMenu1 is invalid.
Line 1889: The property name MenuItemCaption11 in VerticalMenu1 is invalid.
Line 1890: The property name MenuItemIcon12 in VerticalMenu1 is invalid.
Line 1891: The property name MenuItemCaption12 in VerticalMenu1 is invalid.
Line 1892: The property name MenuCaption2 in VerticalMenu1 is invalid.
Line 1893: The property name MenuItemsMax2 in VerticalMenu1 is invalid.
Line 1894: The property name MenuItemIcon21 in VerticalMenu1 is invalid.
Line 1895: The property name MenuItemCaption21 in VerticalMenu1 is invalid.
Line 1896: The property name MenuItemIcon22 in VerticalMenu1 is invalid.
Line 1897: The property name MenuItemCaption22 in VerticalMenu1 is invalid.
Line 1898: The property name MenuCaption3 in VerticalMenu1 is invalid.
Line 1899: The property name MenuItemsMax3 in VerticalMenu1 is invalid.
Line 1900: The property name MenuItemIcon31 in VerticalMenu1 is invalid.
Line 1901: The property name MenuItemCaption31 in VerticalMenu1 is invalid.
Line 1902: The property name MenuItemIcon32 in VerticalMenu1 is invalid.
Line 1903: The property name MenuItemCaption32 in VerticalMenu1 is invalid.
Line 1904: The property name MenuCaption4 in VerticalMenu1 is invalid.
Line 1905: The property name MenuItemsMax4 in VerticalMenu1 is invalid.
Line 1906: The property name MenuItemIcon41 in VerticalMenu1 is invalid.
Line 1907: The property name MenuItemCaption41 in VerticalMenu1 is invalid.
Line 1908: The property name MenuItemIcon42 in VerticalMenu1 is invalid.
Line 1909: The property name MenuItemCaption42 in VerticalMenu1 is invalid.
Line 1910: The property name MenuItemIcon43 in VerticalMenu1 is invalid.
Line 1911: The property name MenuItemCaption43 in VerticalMenu1 is invalid.
Line 1912: The property name MenuItemIcon44 in VerticalMenu1 is invalid.
Line 1913: The property name MenuItemCaption44 in VerticalMenu1 is invalid.
Line 1914: The property name MenuCaption5 in VerticalMenu1 is invalid.
Line 1915: The property name MenuItemsMax5 in VerticalMenu1 is invalid.
Line 1916: The property name MenuItemIcon51 in VerticalMenu1 is invalid.
Line 1917: The property name MenuItemCaption51 in VerticalMenu1 is invalid.
Line 1918: The property name MenuItemIcon52 in VerticalMenu1 is invalid.
Line 1919: The property name MenuItemCaption52 in VerticalMenu1 is invalid.
